<testsuite failures="0" name="src/test/java/feature/POST_PUT_API_Demo.feature" skipped="0" tests="1" time="1.938584">
  <testcase classname="src.test.java.feature.POST_PUT_API_Demo" name="Create user using post call and update the same user using put call" time="1.938584">
    <system-out>* url baseURL ............................................................. passed
* def randomString = ...................................................... passed
* def postRequest = ....................................................... passed
* def randomStr = randomString(10) ........................................ passed
* set postRequest.email = randomStr+"@gmail.com" .......................... passed
* print postRequest ....................................................... passed
Given path 'public/v2/users' .............................................. passed
And request postRequest ................................................... passed
And header Authorization = 'Bearer '+tokenID .............................. passed
When method POST .......................................................... passed
Then status 201 ........................................................... passed
* print response .......................................................... passed
* def userId = $.id ....................................................... passed
* print userId ............................................................ passed
* def putRequest = ........................................................ passed
Given path 'public/v2/users/'+userId ...................................... passed
And request putRequest .................................................... passed
And header Authorization = 'Bearer '+tokenID .............................. passed
When method PUT ........................................................... passed
Then status 200 ........................................................... passed
* print response .......................................................... passed
And match $.id == userId .................................................. passed
And match $.name == "Tom" ................................................. passed
And match $.email == postRequest.email .................................... passed</system-out>
  </testcase>
</testsuite>
