<testsuite failures="0" name="src/test/java/feature/POST_API_Demo_Using_JsonFile.feature" skipped="0" tests="1" time="2.799422">
  <testcase classname="src.test.java.feature.POST_API_Demo_Using_JsonFile" name="Create new user using post with json file" time="2.799422">
    <system-out>* url baseURL ............................................................. passed
* def randomString = ...................................................... passed
* def randomStr = randomString(10); ....................................... passed
* print randomStr ......................................................... passed
* def requestPayload = read('classpath:src/test/resources/payload/user.json') . passed
* set requestPayload.email = randomStr+"@gmail.com" ....................... passed
* print requestPayload .................................................... passed
Given path 'public/v2/users' .............................................. passed
And request requestPayload ................................................ passed
And header Authorization = 'Bearer '+tokenID .............................. passed
When method POST .......................................................... passed
Then status 201 ........................................................... passed
* print response .......................................................... passed
And match $.id =='#present' ............................................... passed
And match $.name =='Qwerty' ............................................... passed
And match $.email == requestPayload.email ................................. passed</system-out>
  </testcase>
</testsuite>
