<testsuite failures="1" name="src/test/java/feature/DELETE_API_Demo.feature" skipped="0" tests="1" time="1.775053">
  <testcase classname="src.test.java.feature.DELETE_API_Demo" name="Delete user using Delete call" time="1.775053">
    <failure message="DELETE_API_Demo.feature:10 - no step-definition method match found for: And match $.message == &quot;Resource not found&quot;">Given url baseURL+'public/v2/users/' ...................................... passed
And header Authorization = 'Bearer '+tokenID .............................. passed
And path '2' .............................................................. passed
When method DELETE ........................................................ passed
Then status 204 ........................................................... passed
* print response .......................................................... passed
* And match $.message == "Resource not found" ............................. failed

Stack Trace:
com.intuit.karate.exception.KarateException: DELETE_API_Demo.feature:10 - no step-definition method match found for: And match $.message == "Resource not found"&#13;
	at âœ½.* And match $.message == "Resource not found" (DELETE_API_Demo.feature:10)</failure>
  </testcase>
</testsuite>
